E:\C_C++_Code\OOpStudy\CopyConstructor\Debug\cl.command.1.tlog
E:\C_C++_Code\OOpStudy\CopyConstructor\Debug\CL.read.1.tlog
E:\C_C++_Code\OOpStudy\CopyConstructor\Debug\CL.write.1.tlog
E:\C_C++_CODE\OOPSTUDY\COPYCONSTRUCTOR\DEBUG\COPYCONSTRUCTOR.EXE.EMBED.MANIFEST
E:\C_C++_CODE\OOPSTUDY\COPYCONSTRUCTOR\DEBUG\COPYCONSTRUCTOR.EXE.EMBED.MANIFEST.RES
E:\C_C++_CODE\OOPSTUDY\COPYCONSTRUCTOR\DEBUG\COPYCONSTRUCTOR.EXE.INTERMEDIATE.MANIFEST
E:\C_C++_CODE\OOPSTUDY\COPYCONSTRUCTOR\DEBUG\COPYCONSTRUCTOR.OBJ
E:\C_C++_CODE\OOPSTUDY\COPYCONSTRUCTOR\DEBUG\COPYCONSTRUCTOR.PCH
E:\C_C++_Code\OOpStudy\CopyConstructor\Debug\CopyConstructor_manifest.rc
E:\C_C++_CODE\OOPSTUDY\COPYCONSTRUCTOR\DEBUG\HEAD.OBJ
E:\C_C++_Code\OOpStudy\CopyConstructor\Debug\link.2212.read.1.tlog
E:\C_C++_Code\OOpStudy\CopyConstructor\Debug\link.2212.write.1.tlog
E:\C_C++_Code\OOpStudy\CopyConstructor\Debug\link.2212-cvtres.read.1.tlog
E:\C_C++_Code\OOpStudy\CopyConstructor\Debug\link.2212-cvtres.write.1.tlog
E:\C_C++_Code\OOpStudy\CopyConstructor\Debug\link.3676.read.1.tlog
E:\C_C++_Code\OOpStudy\CopyConstructor\Debug\link.3676.write.1.tlog
E:\C_C++_Code\OOpStudy\CopyConstructor\Debug\link.3676-cvtres.read.1.tlog
E:\C_C++_Code\OOpStudy\CopyConstructor\Debug\link.3676-cvtres.write.1.tlog
E:\C_C++_Code\OOpStudy\CopyConstructor\Debug\link.7692.read.1.tlog
E:\C_C++_Code\OOpStudy\CopyConstructor\Debug\link.7692.write.1.tlog
E:\C_C++_Code\OOpStudy\CopyConstructor\Debug\link.7692-cvtres.read.1.tlog
E:\C_C++_Code\OOpStudy\CopyConstructor\Debug\link.7692-cvtres.write.1.tlog
E:\C_C++_Code\OOpStudy\CopyConstructor\Debug\link.8396.read.1.tlog
E:\C_C++_Code\OOpStudy\CopyConstructor\Debug\link.8396.write.1.tlog
E:\C_C++_Code\OOpStudy\CopyConstructor\Debug\link.8396-cvtres.read.1.tlog
E:\C_C++_Code\OOpStudy\CopyConstructor\Debug\link.8396-cvtres.write.1.tlog
E:\C_C++_Code\OOpStudy\CopyConstructor\Debug\link.8476.read.1.tlog
E:\C_C++_Code\OOpStudy\CopyConstructor\Debug\link.8476.write.1.tlog
E:\C_C++_Code\OOpStudy\CopyConstructor\Debug\link.8476-cvtres.read.1.tlog
E:\C_C++_Code\OOpStudy\CopyConstructor\Debug\link.8476-cvtres.write.1.tlog
E:\C_C++_Code\OOpStudy\CopyConstructor\Debug\link.9688.read.1.tlog
E:\C_C++_Code\OOpStudy\CopyConstructor\Debug\link.9688.write.1.tlog
E:\C_C++_Code\OOpStudy\CopyConstructor\Debug\link.9688-cvtres.read.1.tlog
E:\C_C++_Code\OOpStudy\CopyConstructor\Debug\link.9688-cvtres.write.1.tlog
E:\C_C++_Code\OOpStudy\CopyConstructor\Debug\link.9864.read.1.tlog
E:\C_C++_Code\OOpStudy\CopyConstructor\Debug\link.9864.write.1.tlog
E:\C_C++_Code\OOpStudy\CopyConstructor\Debug\link.9864-cvtres.read.1.tlog
E:\C_C++_Code\OOpStudy\CopyConstructor\Debug\link.9864-cvtres.write.1.tlog
E:\C_C++_Code\OOpStudy\CopyConstructor\Debug\link.command.1.tlog
E:\C_C++_Code\OOpStudy\CopyConstructor\Debug\link.read.1.tlog
E:\C_C++_Code\OOpStudy\CopyConstructor\Debug\link.write.1.tlog
E:\C_C++_Code\OOpStudy\CopyConstructor\Debug\link-cvtres.read.1.tlog
E:\C_C++_Code\OOpStudy\CopyConstructor\Debug\link-cvtres.write.1.tlog
E:\C_C++_CODE\OOPSTUDY\COPYCONSTRUCTOR\DEBUG\MAIN.OBJ
E:\C_C++_Code\OOpStudy\CopyConstructor\Debug\mt.command.1.tlog
E:\C_C++_Code\OOpStudy\CopyConstructor\Debug\mt.read.1.tlog
E:\C_C++_Code\OOpStudy\CopyConstructor\Debug\mt.write.1.tlog
E:\C_C++_Code\OOpStudy\CopyConstructor\Debug\rc.command.1.tlog
E:\C_C++_Code\OOpStudy\CopyConstructor\Debug\rc.read.1.tlog
E:\C_C++_Code\OOpStudy\CopyConstructor\Debug\rc.write.1.tlog
E:\C_C++_CODE\OOPSTUDY\COPYCONSTRUCTOR\DEBUG\SMARTPT.OBJ
E:\C_C++_CODE\OOPSTUDY\COPYCONSTRUCTOR\DEBUG\STDAFX.OBJ
E:\C_C++_CODE\OOPSTUDY\COPYCONSTRUCTOR\DEBUG\STRINGSOURCE.OBJ
E:\C_C++_Code\OOpStudy\CopyConstructor\Debug\vc100.idb
E:\C_C++_CODE\OOPSTUDY\COPYCONSTRUCTOR\DEBUG\VC100.PDB
E:\C_C++_CODE\OOPSTUDY\DEBUG\COPYCONSTRUCTOR.EXE
E:\C_C++_CODE\OOPSTUDY\DEBUG\COPYCONSTRUCTOR.ILK
E:\C_C++_CODE\OOPSTUDY\DEBUG\COPYCONSTRUCTOR.PDB
