E:\C_C++_Code\OOpStudy\CopyConstructor\Debug\cl.command.1.tlog
E:\C_C++_Code\OOpStudy\CopyConstructor\Debug\CL.read.1.tlog
E:\C_C++_Code\OOpStudy\CopyConstructor\Debug\CL.write.1.tlog
E:\C_C++_CODE\OOPSTUDY\COPYCONSTRUCTOR\DEBUG\HEAD.OBJ
E:\C_C++_Code\OOpStudy\CopyConstructor\Debug\link.10176.read.1.tlog
E:\C_C++_Code\OOpStudy\CopyConstructor\Debug\link.10176.write.1.tlog
E:\C_C++_Code\OOpStudy\CopyConstructor\Debug\link.10176-cvtres.read.1.tlog
E:\C_C++_Code\OOpStudy\CopyConstructor\Debug\link.10176-cvtres.write.1.tlog
E:\C_C++_Code\OOpStudy\CopyConstructor\Debug\link.13064.read.1.tlog
E:\C_C++_Code\OOpStudy\CopyConstructor\Debug\link.13064.write.1.tlog
E:\C_C++_Code\OOpStudy\CopyConstructor\Debug\link.13064-cvtres.read.1.tlog
E:\C_C++_Code\OOpStudy\CopyConstructor\Debug\link.13064-cvtres.write.1.tlog
E:\C_C++_Code\OOpStudy\CopyConstructor\Debug\link.2348.read.1.tlog
E:\C_C++_Code\OOpStudy\CopyConstructor\Debug\link.2348.write.1.tlog
E:\C_C++_Code\OOpStudy\CopyConstructor\Debug\link.2348-cvtres.read.1.tlog
E:\C_C++_Code\OOpStudy\CopyConstructor\Debug\link.2348-cvtres.write.1.tlog
E:\C_C++_Code\OOpStudy\CopyConstructor\Debug\link.command.1.tlog
E:\C_C++_Code\OOpStudy\CopyConstructor\Debug\link.read.1.tlog
E:\C_C++_Code\OOpStudy\CopyConstructor\Debug\link.write.1.tlog
E:\C_C++_Code\OOpStudy\CopyConstructor\Debug\link-cvtres.read.1.tlog
E:\C_C++_Code\OOpStudy\CopyConstructor\Debug\link-cvtres.write.1.tlog
E:\C_C++_CODE\OOPSTUDY\COPYCONSTRUCTOR\DEBUG\MAIN.OBJ
E:\C_C++_Code\OOpStudy\CopyConstructor\Debug\mt.command.1.tlog
E:\C_C++_Code\OOpStudy\CopyConstructor\Debug\mt.read.1.tlog
E:\C_C++_Code\OOpStudy\CopyConstructor\Debug\mt.write.1.tlog
E:\C_C++_CODE\OOPSTUDY\COPYCONSTRUCTOR\DEBUG\MYRECT.OBJ
E:\C_C++_CODE\OOPSTUDY\COPYCONSTRUCTOR\DEBUG\OOP.EXE.EMBED.MANIFEST
E:\C_C++_CODE\OOPSTUDY\COPYCONSTRUCTOR\DEBUG\OOP.EXE.EMBED.MANIFEST.RES
E:\C_C++_CODE\OOPSTUDY\COPYCONSTRUCTOR\DEBUG\OOP.EXE.INTERMEDIATE.MANIFEST
E:\C_C++_CODE\OOPSTUDY\COPYCONSTRUCTOR\DEBUG\OOP.PCH
E:\C_C++_Code\OOpStudy\CopyConstructor\Debug\OOP_manifest.rc
E:\C_C++_Code\OOpStudy\CopyConstructor\Debug\rc.command.1.tlog
E:\C_C++_Code\OOpStudy\CopyConstructor\Debug\rc.read.1.tlog
E:\C_C++_Code\OOpStudy\CopyConstructor\Debug\rc.write.1.tlog
E:\C_C++_CODE\OOPSTUDY\COPYCONSTRUCTOR\DEBUG\SHAPE.OBJ
E:\C_C++_CODE\OOPSTUDY\COPYCONSTRUCTOR\DEBUG\SMARTPT.OBJ
E:\C_C++_CODE\OOPSTUDY\COPYCONSTRUCTOR\DEBUG\STDAFX.OBJ
E:\C_C++_CODE\OOPSTUDY\COPYCONSTRUCTOR\DEBUG\STRINGSOURCE.OBJ
E:\C_C++_Code\OOpStudy\CopyConstructor\Debug\vc100.idb
E:\C_C++_CODE\OOPSTUDY\COPYCONSTRUCTOR\DEBUG\VC100.PDB
E:\C_C++_CODE\OOPSTUDY\DEBUG\OOP.EXE
E:\C_C++_CODE\OOPSTUDY\DEBUG\OOP.ILK
E:\C_C++_CODE\OOPSTUDY\DEBUG\OOP.PDB
